make all --print-data-base --no-builtin-variables --no-builtin-rules --question
# GNU Make 4.1
# Built for x86_64-pc-linux-gnu
# Copyright (C) 1988-2014 Free Software Foundation, Inc.
# License GPLv3+: GNU GPL version 3 or later <http://gnu.org/licenses/gpl.html>
# This is free software: you are free to change and redistribute it.
# There is NO WARRANTY, to the extent permitted by law.

# Make data base, printed on Tue Jul 26 22:06:52 2022

# Variables

# automatic
<D = $(patsubst %/,%,$(dir $<))
# automatic
?F = $(notdir $?)
# environment
DESKTOP_SESSION = Lubuntu
# default
.SHELLFLAGS := -c
# environment
XDG_SESSION_TYPE = x11
# automatic
?D = $(patsubst %/,%,$(dir $?))
# makefile (from 'Makefile', line 2)
INCLUDES = -I./src
# automatic
@D = $(patsubst %/,%,$(dir $@))
# environment
XAUTHORITY = /home/student/.Xauthority
# environment
GDMSESSION = Lubuntu
# default
MAKE_VERSION := 4.1
# makefile
CURDIR := /home/student/Desktop/PeachOS
# makefile
SHELL = /bin/sh
# environment
GDM_LANG = en_US
# environment
VSCODE_NLS_CONFIG = {"locale":"en-gb","availableLanguages":{},"_languagePackSupport":true}
# environment
_ = /usr/share/code/code
# environment
XDG_CONFIG_DIRS = /etc/xdg/lubuntu:/etc/xdg/xdg-Lubuntu:/etc/xdg
# environment
GTK_OVERLAY_SCROLLING = 0
# makefile (from 'Makefile', line 1)
MAKEFILE_LIST :=  Makefile
# automatic
@F = $(notdir $@)
# environment
IM_CONFIG_PHASE = 2
# 'override' directive
GNUMAKEFLAGS := 
# environment
XDG_DATA_DIRS = /etc/xdg/lubuntu:/usr/local/share:/usr/share:/usr/share/gdm:/var/lib/menu-xdg:/usr/share/Lubuntu:/usr/local/share/:/usr/share/
# environment
DBUS_SESSION_BUS_ADDRESS = unix:path=/run/user/1000/bus
# environment
LESSOPEN = | /usr/bin/lesspipe %s
# environment
VSCODE_CWD = /home/student
# environment
QT_STYLE_OVERRIDE = gtk
# environment
XDG_SESSION_PATH = /org/freedesktop/DisplayManager/Session0
# default
MAKE_HOST := x86_64-pc-linux-gnu
# environment
PATH = /usr/local/sbin:/usr/local/bin:/usr/sbin:/usr/bin:/sbin:/bin:/usr/games:/usr/local/games
# environment
_LXSESSION_PID = 934
# environment
GPG_AGENT_INFO = /run/user/1000/gnupg/S.gpg-agent:0:1
# environment
XDG_RUNTIME_DIR = /run/user/1000
# environment
TEXTDOMAIN = im-config
# environment
XDG_MENU_PREFIX = lxde-
# environment
ELECTRON_RUN_AS_NODE = 1
# default
.FEATURES := target-specific order-only second-expansion else-if shortest-stem undefine oneshell archives jobserver output-sync check-symlink load
# environment
XDG_GREETER_DATA_DIR = /var/lib/lightdm-data/student
# environment
LS_COLORS = 
# environment
XDG_SESSION_DESKTOP = Lubuntu
# environment
SSH_AUTH_SOCK = /tmp/ssh-1S1IzbMH4WbC/agent.934
# automatic
%F = $(notdir $%)
# environment
DISPLAY = :0.0
# environment
PWD = /home/student/Desktop/PeachOS
# environment
QT_QPA_PLATFORMTHEME = lxqt
# environment
XDG_SEAT = seat0
# environment
SSH_AGENT_PID = 1030
# environment
ORIGINAL_XDG_CURRENT_DESKTOP = LXDE
# environment
VSCODE_AMD_ENTRYPOINT = vs/workbench/api/node/extensionHostProcess
# environment
HOME = /home/student
# environment
LESSCLOSE = /usr/bin/lesspipe %s %s
# environment
VSCODE_CODE_CACHE_PATH = /home/student/.config/Code/CachedData/92d25e35d9bf1a6b16f7d0758f25d48ace11e5b9
# environment
LOGNAME = student
# environment
APPLICATION_INSIGHTS_NO_DIAGNOSTIC_CHANNEL = 1
# environment
VSCODE_HANDLES_UNCAUGHT_ERRORS = true
# automatic
^D = $(patsubst %/,%,$(dir $^))
# environment
XDG_VTNR = 7
# environment
MAKELEVEL := 0
# default
MAKE = $(MAKE_COMMAND)
# default
MAKECMDGOALS := all
# environment
SHLVL = 1
# environment
XDG_SESSION_ID = c1
# environment
USER = student
# makefile
.DEFAULT_GOAL := all
# environment
XDG_CURRENT_DESKTOP = LXDE
# automatic
%D = $(patsubst %/,%,$(dir $%))
# default
MAKE_COMMAND := make
# default
.VARIABLES := 
# automatic
*F = $(notdir $*)
# environment
LANGUAGE = en_IL:en
# environment
XDG_SEAT_PATH = /org/freedesktop/DisplayManager/Seat0
# environment
VSCODE_IPC_HOOK = /run/user/1000/vscode-62ee4e9e-1.69.0-main.sock
# makefile
MAKEFLAGS = pqrR
# environment
MFLAGS = -pqrR
# automatic
*D = $(patsubst %/,%,$(dir $*))
# automatic
+D = $(patsubst %/,%,$(dir $+))
# environment
GDK_BACKEND = x11
# environment
QT_PLATFORM_PLUGIN = lxqt
# automatic
+F = $(notdir $+)
# environment
NO_AT_BRIDGE = 1
# environment
TEXTDOMAINDIR = /usr/share/locale/
# default
MAKEFILES := 
# automatic
<F = $(notdir $<)
# environment
XDG_CONFIG_HOME = /home/student/.config
# environment
LC_ALL = C
# automatic
^F = $(notdir $^)
# default
SUFFIXES := 
# makefile (from 'Makefile', line 3)
FLAGS = -g -ffreestanding -falign-jumps -falign-functions -falign-labels -falign-loops -fstrength-reduce -fomit-frame-pointer -finline-functions -Wno-unused-function -fno-builtin -Werror -Wno-unused-label -Wno-cpp -Wno-unused-parameter -nostdlib -nostartfiles -nodefaultlibs -Wall -O0 -Iinc
# environment
CHROME_DESKTOP = code-url-handler.desktop
# default
.INCLUDE_DIRS = /usr/include /usr/local/include /usr/include
# default
.RECIPEPREFIX := 
# environment
LANG = C
# environment
VSCODE_PID = 1294
# makefile (from 'Makefile', line 1)
FILES = ./build/kernel.asm.o ./build/kernel.o
# variable set hash-table stats:
# Load=94/1024=9%, Rehash=0, Collisions=6/123=5%

# Pattern-specific Variable Values

# No pattern-specific variable values.

# Directories

# . (device 2049, inode 16386): 9 files, no impossibilities.

# 9 files, no impossibilities in 1 directories.

# Implicit Rules

# No implicit rules.

# Files

all: bin/boot.bin bin/kernel.bin
#  Command line target.
#  Implicit rule search has not been done.
#  Implicit/static pattern stem: ''
#  File does not exist.
#  File has been updated.
#  Needs to be updated (-q is set).
# automatic
# @ := all
# automatic
# % := 
# automatic
# * := 
# automatic
# + := bin/boot.bin bin/kernel.bin
# automatic
# | := 
# automatic
# < := bin/boot.bin
# automatic
# ^ := bin/boot.bin bin/kernel.bin
# automatic
# ? := bin/boot.bin bin/kernel.bin
# variable set hash-table stats:
# Load=8/32=25%, Rehash=0, Collisions=1/11=9%
#  recipe to execute (from 'Makefile', line 26):
	rm -rf ./bin/os.bin
	dd if=./bin/boot.bin >> ./bin/os.bin
	dd if=./bin/kernel.bin >> ./bin/os.bin
	dd if=/dev/zero bs=512 count=100 >> ./bin/os.bin

# Not a target:
src/boot/boot.asm:
#  Implicit rule search has been done.
#  Last modified 2022-07-16 17:17:16.863639712
#  File has been updated.
#  Successfully updated.

bin/boot.bin: src/boot/boot.asm
#  Implicit rule search has not been done.
#  Last modified 2022-07-25 16:14:31.09414407
#  File has been updated.
#  Successfully updated.
#  recipe to execute (from 'Makefile', line 36):
	nasm -f bin ./src/boot/boot.asm -o ./bin/boot.bin

# Not a target:
.SUFFIXES:
#  Implicit rule search has not been done.
#  Modification time never checked.
#  File has not been updated.

# Not a target:
Makefile:
#  Implicit rule search has been done.
#  Last modified 2022-07-25 16:16:16.37414407
#  File has been updated.
#  Successfully updated.

build/kernel.asm.o: src/kernel.asm
#  Implicit rule search has not been done.
 
#  Last modified 2022-07-25 16:14:31.09814407
#  File has been updated.
#  Successfully updated.
#  recipe to execute (from 'Makefile', line 39):
	nasm -f elf -g ./src/kernel.asm -o ./build/kernel.asm.o

bin/kernel.bin: build/kernel.asm.o build/kernel.o
#  Implicit rule search has not been done.
#  Last modified 2022-07-25 16:14:31.12614407
#  File has been updated.
#  Successfully updated.
#  recipe to execute (from 'Makefile', line 32):
	i686-elf-ld -g -relocatable $(FILES) -o ./build/kernelfull.o
	i686-elf-gcc $(FLAGS) -T ./src/linker.ld -o ./bin/kernel.bin -ffreestanding -O0 -nostdlib ./build/kernelfull.o

# Not a target:
src/kernel.asm:
#  Implicit rule search has been done.
#  Last modified 2022-07-25 16:13:58.94214407
#  File has been updated.
#  Successfully updated.

build/kernel.o: src/kernel.c
#  Implicit rule search has not been done.
#  Last modified 2022-07-25 16:14:31.11414407
#  File has been updated.
#  Successfully updated.
#  recipe to execute (from 'Makefile', line 42):
	i686-elf-gcc $(INCLUDES) $(FLAGS) -std=gnu99 -c ./src/kernel.c -o ./build/kernel.o

# Not a target:
.DEFAULT:
#  Implicit rule search has not been done.
#  Modification time never checked.
#  File has not been updated.

clean:
#  Implicit rule search has not been done.
#  Modification time never checked.
#  File has not been updated.
#  recipe to execute (from 'Makefile', line 45):
	rm -rf ./bin/boot.bin
	rm -rf ./bin/kernel.bin
	rm -rf ./bin/os.bin
	rm -rf $(FILES)
	rm -rf ./build/kernelfull.o

# Not a target:
src/kernel.c:
#  Implicit rule search has been done.
#  Last modified 2022-07-25 16:13:51.87814407
#  File has been updated.
#  Successfully updated.

# files hash-table stats:
# Load=12/1024=1%, Rehash=0, Collisions=0/35=0%
# VPATH Search Paths

# No 'vpath' search paths.

# No general ('VPATH' variable) search path.

# strcache buffers: 1 (0) / strings = 22 / storage = 227 B / avg = 10 B
# current buf: size = 8162 B / used = 227 B / count = 22 / avg = 10 B

# strcache performance: lookups = 38 / hit rate = 42%
# hash-table stats:
# Load=22/8192=0%, Rehash=0, Collisions=1/38=3%
# Finished Make data base on Tue Jul 26 22:06:52 2022

 
